<?xml version="1.0" encoding="UTF-8"?>
<!-- Generated by org.testng.reporters.JUnitReportReporter -->
<testsuite skipped="0" hostname="shubham" name="Practice.Sample1" tests="1" failures="0" timestamp="2022-04-29T20:35:34 IST" time="0.021" errors="0">
  <testcase name="f" time="0.021" classname="Practice.Sample1"/>
  <system-out/>
</testsuite> <!-- Practice.Sample1 -->
